2024-11-26 21:20:37 INFO  c.l.provider.ProviderApplication - Starting ProviderApplication v2.0.1-RELEASE using Java 23 with PID 51524 (C:\Users\louis\Desktop\Finalised Programming\provider\provider-2.0.1-RELEASE.jar started by louis in C:\Users\louis\Desktop\Advanced Programming\Simulator)
2024-11-26 21:20:37 INFO  c.l.provider.ProviderApplication - The following 1 profile is active: "providerC"
2024-11-26 21:20:38 INFO  o.s.d.r.c.RepositoryConfigurationDelegate - Bootstrapping Spring Data JPA repositories in DEFAULT mode.
2024-11-26 21:20:38 INFO  o.s.d.r.c.RepositoryConfigurationDelegate - Finished Spring Data repository scanning in 50 ms. Found 4 JPA repository interfaces.
2024-11-26 21:20:38 INFO  o.s.b.w.e.tomcat.TomcatWebServer - Tomcat initialized with port 8084 (http)
2024-11-26 21:20:38 INFO  o.a.coyote.http11.Http11NioProtocol - Initializing ProtocolHandler ["http-nio-8084"]
2024-11-26 21:20:38 INFO  o.a.catalina.core.StandardService - Starting service [Tomcat]
2024-11-26 21:20:38 INFO  o.a.catalina.core.StandardEngine - Starting Servlet engine: [Apache Tomcat/10.1.30]
2024-11-26 21:20:38 INFO  o.a.c.c.C.[Tomcat].[localhost].[/] - Initializing Spring embedded WebApplicationContext
2024-11-26 21:20:38 INFO  o.s.b.w.s.c.ServletWebServerApplicationContext - Root WebApplicationContext: initialization completed in 1229 ms
2024-11-26 21:20:38 INFO  o.h.jpa.internal.util.LogHelper - HHH000204: Processing PersistenceUnitInfo [name: default]
2024-11-26 21:20:38 INFO  org.hibernate.Version - HHH000412: Hibernate ORM core version 6.5.3.Final
2024-11-26 21:20:38 INFO  o.h.c.i.RegionFactoryInitiator - HHH000026: Second-level cache disabled
2024-11-26 21:20:39 INFO  o.s.o.j.p.SpringPersistenceUnitInfo - No LoadTimeWeaver setup: ignoring JPA class transformer
2024-11-26 21:20:39 INFO  com.zaxxer.hikari.HikariDataSource - HikariPool-1 - Starting...
2024-11-26 21:20:39 INFO  com.zaxxer.hikari.pool.HikariPool - HikariPool-1 - Added connection org.postgresql.jdbc.PgConnection@5cffec7
2024-11-26 21:20:39 INFO  com.zaxxer.hikari.HikariDataSource - HikariPool-1 - Start completed.
2024-11-26 21:20:40 INFO  o.h.e.t.j.p.i.JtaPlatformInitiator - HHH000489: No JTA platform available (set 'hibernate.transaction.jta.platform' to enable JTA platform integration)
2024-11-26 21:20:40 INFO  o.s.o.j.LocalContainerEntityManagerFactoryBean - Initialized JPA EntityManagerFactory for persistence unit 'default'
2024-11-26 21:20:40 WARN  o.s.b.a.o.j.JpaBaseConfiguration$JpaWebConfiguration - spring.jpa.open-in-view is enabled by default. Therefore, database queries may be performed during view rendering. Explicitly configure spring.jpa.open-in-view to disable this warning
2024-11-26 21:24:00 INFO  c.l.provider.ProviderApplication - Starting ProviderApplication v2.0.1-RELEASE using Java 23 with PID 5372 (C:\Users\louis\Desktop\Finalised Programming\provider\provider-2.0.1-RELEASE.jar started by louis in C:\Users\louis\Desktop\Advanced Programming\Simulator)
2024-11-26 21:24:00 INFO  c.l.provider.ProviderApplication - The following 1 profile is active: "providerC"
2024-11-26 21:24:01 INFO  o.s.d.r.c.RepositoryConfigurationDelegate - Bootstrapping Spring Data JPA repositories in DEFAULT mode.
2024-11-26 21:24:01 INFO  o.s.d.r.c.RepositoryConfigurationDelegate - Finished Spring Data repository scanning in 43 ms. Found 4 JPA repository interfaces.
2024-11-26 21:24:02 INFO  o.s.b.w.e.tomcat.TomcatWebServer - Tomcat initialized with port 8084 (http)
2024-11-26 21:24:02 INFO  o.a.coyote.http11.Http11NioProtocol - Initializing ProtocolHandler ["http-nio-8084"]
2024-11-26 21:24:02 INFO  o.a.catalina.core.StandardService - Starting service [Tomcat]
2024-11-26 21:24:02 INFO  o.a.catalina.core.StandardEngine - Starting Servlet engine: [Apache Tomcat/10.1.30]
2024-11-26 21:24:02 INFO  o.a.c.c.C.[Tomcat].[localhost].[/] - Initializing Spring embedded WebApplicationContext
2024-11-26 21:24:02 INFO  o.s.b.w.s.c.ServletWebServerApplicationContext - Root WebApplicationContext: initialization completed in 1108 ms
2024-11-26 21:24:02 INFO  o.h.jpa.internal.util.LogHelper - HHH000204: Processing PersistenceUnitInfo [name: default]
2024-11-26 21:24:02 INFO  org.hibernate.Version - HHH000412: Hibernate ORM core version 6.5.3.Final
2024-11-26 21:24:02 INFO  o.h.c.i.RegionFactoryInitiator - HHH000026: Second-level cache disabled
2024-11-26 21:24:02 INFO  o.s.o.j.p.SpringPersistenceUnitInfo - No LoadTimeWeaver setup: ignoring JPA class transformer
2024-11-26 21:24:02 INFO  com.zaxxer.hikari.HikariDataSource - HikariPool-1 - Starting...
2024-11-26 21:24:02 INFO  com.zaxxer.hikari.pool.HikariPool - HikariPool-1 - Added connection org.postgresql.jdbc.PgConnection@2c678c7b
2024-11-26 21:24:02 INFO  com.zaxxer.hikari.HikariDataSource - HikariPool-1 - Start completed.
2024-11-26 21:24:03 INFO  o.h.e.t.j.p.i.JtaPlatformInitiator - HHH000489: No JTA platform available (set 'hibernate.transaction.jta.platform' to enable JTA platform integration)
2024-11-26 21:24:03 INFO  o.s.o.j.LocalContainerEntityManagerFactoryBean - Initialized JPA EntityManagerFactory for persistence unit 'default'
2024-11-26 21:24:04 WARN  o.s.b.a.o.j.JpaBaseConfiguration$JpaWebConfiguration - spring.jpa.open-in-view is enabled by default. Therefore, database queries may be performed during view rendering. Explicitly configure spring.jpa.open-in-view to disable this warning
2024-11-26 21:24:04 INFO  o.a.coyote.http11.Http11NioProtocol - Starting ProtocolHandler ["http-nio-8084"]
2024-11-26 21:24:04 INFO  o.s.b.w.e.tomcat.TomcatWebServer - Tomcat started on port 8084 (http) with context path '/'
2024-11-26 21:24:04 INFO  c.l.provider.ProviderApplication - Started ProviderApplication in 4.229 seconds (process running for 4.652)
2024-11-26 21:26:00 INFO  c.l.provider.ProviderApplication - Starting ProviderApplication v2.0.1-RELEASE using Java 23 with PID 70868 (C:\Users\louis\Desktop\Finalised Programming\provider\provider-2.0.1-RELEASE.jar started by louis in C:\Users\louis\Desktop\Advanced Programming\Simulator)
2024-11-26 21:26:00 INFO  c.l.provider.ProviderApplication - The following 1 profile is active: "providerC"
2024-11-26 21:26:01 INFO  o.s.d.r.c.RepositoryConfigurationDelegate - Bootstrapping Spring Data JPA repositories in DEFAULT mode.
2024-11-26 21:26:01 INFO  o.s.d.r.c.RepositoryConfigurationDelegate - Finished Spring Data repository scanning in 38 ms. Found 4 JPA repository interfaces.
2024-11-26 21:26:01 INFO  o.s.b.w.e.tomcat.TomcatWebServer - Tomcat initialized with port 8084 (http)
2024-11-26 21:26:01 INFO  o.a.coyote.http11.Http11NioProtocol - Initializing ProtocolHandler ["http-nio-8084"]
2024-11-26 21:26:01 INFO  o.a.catalina.core.StandardService - Starting service [Tomcat]
2024-11-26 21:26:01 INFO  o.a.catalina.core.StandardEngine - Starting Servlet engine: [Apache Tomcat/10.1.30]
2024-11-26 21:26:01 INFO  o.a.c.c.C.[Tomcat].[localhost].[/] - Initializing Spring embedded WebApplicationContext
2024-11-26 21:26:01 INFO  o.s.b.w.s.c.ServletWebServerApplicationContext - Root WebApplicationContext: initialization completed in 1135 ms
2024-11-26 21:26:01 INFO  o.h.jpa.internal.util.LogHelper - HHH000204: Processing PersistenceUnitInfo [name: default]
2024-11-26 21:26:02 INFO  org.hibernate.Version - HHH000412: Hibernate ORM core version 6.5.3.Final
2024-11-26 21:26:02 INFO  o.h.c.i.RegionFactoryInitiator - HHH000026: Second-level cache disabled
2024-11-26 21:26:02 INFO  o.s.o.j.p.SpringPersistenceUnitInfo - No LoadTimeWeaver setup: ignoring JPA class transformer
2024-11-26 21:26:02 INFO  com.zaxxer.hikari.HikariDataSource - HikariPool-1 - Starting...
2024-11-26 21:26:02 INFO  com.zaxxer.hikari.pool.HikariPool - HikariPool-1 - Added connection org.postgresql.jdbc.PgConnection@79604abe
2024-11-26 21:26:02 INFO  com.zaxxer.hikari.HikariDataSource - HikariPool-1 - Start completed.
2024-11-26 21:26:03 INFO  o.h.e.t.j.p.i.JtaPlatformInitiator - HHH000489: No JTA platform available (set 'hibernate.transaction.jta.platform' to enable JTA platform integration)
2024-11-26 21:26:03 INFO  o.s.o.j.LocalContainerEntityManagerFactoryBean - Initialized JPA EntityManagerFactory for persistence unit 'default'
2024-11-26 21:26:04 WARN  o.s.b.a.o.j.JpaBaseConfiguration$JpaWebConfiguration - spring.jpa.open-in-view is enabled by default. Therefore, database queries may be performed during view rendering. Explicitly configure spring.jpa.open-in-view to disable this warning
2024-11-26 21:26:04 INFO  o.a.coyote.http11.Http11NioProtocol - Starting ProtocolHandler ["http-nio-8084"]
2024-11-26 21:26:04 INFO  o.s.b.w.e.tomcat.TomcatWebServer - Tomcat started on port 8084 (http) with context path '/'
2024-11-26 21:26:04 INFO  c.l.provider.ProviderApplication - Started ProviderApplication in 4.358 seconds (process running for 4.83)
2024-11-26 21:27:31 INFO  c.l.provider.ProviderApplication - Starting ProviderApplication v2.0.1-RELEASE using Java 23 with PID 71556 (C:\Users\louis\Desktop\Finalised Programming\provider\provider-2.0.1-RELEASE.jar started by louis in C:\Users\louis\Desktop\Advanced Programming\Simulator)
2024-11-26 21:27:31 INFO  c.l.provider.ProviderApplication - The following 1 profile is active: "providerC"
2024-11-26 21:27:31 INFO  o.s.d.r.c.RepositoryConfigurationDelegate - Bootstrapping Spring Data JPA repositories in DEFAULT mode.
2024-11-26 21:27:31 INFO  o.s.d.r.c.RepositoryConfigurationDelegate - Finished Spring Data repository scanning in 44 ms. Found 4 JPA repository interfaces.
2024-11-26 21:27:32 INFO  o.s.b.w.e.tomcat.TomcatWebServer - Tomcat initialized with port 8084 (http)
2024-11-26 21:27:32 INFO  o.a.coyote.http11.Http11NioProtocol - Initializing ProtocolHandler ["http-nio-8084"]
2024-11-26 21:27:32 INFO  o.a.catalina.core.StandardService - Starting service [Tomcat]
2024-11-26 21:27:32 INFO  o.a.catalina.core.StandardEngine - Starting Servlet engine: [Apache Tomcat/10.1.30]
2024-11-26 21:27:32 INFO  o.a.c.c.C.[Tomcat].[localhost].[/] - Initializing Spring embedded WebApplicationContext
2024-11-26 21:27:32 INFO  o.s.b.w.s.c.ServletWebServerApplicationContext - Root WebApplicationContext: initialization completed in 1077 ms
2024-11-26 21:27:32 INFO  o.h.jpa.internal.util.LogHelper - HHH000204: Processing PersistenceUnitInfo [name: default]
2024-11-26 21:27:32 INFO  org.hibernate.Version - HHH000412: Hibernate ORM core version 6.5.3.Final
2024-11-26 21:27:32 INFO  o.h.c.i.RegionFactoryInitiator - HHH000026: Second-level cache disabled
2024-11-26 21:27:33 INFO  o.s.o.j.p.SpringPersistenceUnitInfo - No LoadTimeWeaver setup: ignoring JPA class transformer
2024-11-26 21:27:33 INFO  com.zaxxer.hikari.HikariDataSource - HikariPool-1 - Starting...
2024-11-26 21:27:33 INFO  com.zaxxer.hikari.pool.HikariPool - HikariPool-1 - Added connection org.postgresql.jdbc.PgConnection@5cffec7
2024-11-26 21:27:33 INFO  com.zaxxer.hikari.HikariDataSource - HikariPool-1 - Start completed.
2024-11-26 21:27:33 INFO  o.h.e.t.j.p.i.JtaPlatformInitiator - HHH000489: No JTA platform available (set 'hibernate.transaction.jta.platform' to enable JTA platform integration)
2024-11-26 21:27:34 INFO  o.s.o.j.LocalContainerEntityManagerFactoryBean - Initialized JPA EntityManagerFactory for persistence unit 'default'
2024-11-26 21:27:34 WARN  o.s.b.a.o.j.JpaBaseConfiguration$JpaWebConfiguration - spring.jpa.open-in-view is enabled by default. Therefore, database queries may be performed during view rendering. Explicitly configure spring.jpa.open-in-view to disable this warning
2024-11-26 21:27:34 INFO  o.a.coyote.http11.Http11NioProtocol - Starting ProtocolHandler ["http-nio-8084"]
2024-11-26 21:27:34 INFO  o.s.b.w.e.tomcat.TomcatWebServer - Tomcat started on port 8084 (http) with context path '/'
2024-11-26 21:27:34 INFO  c.l.provider.ProviderApplication - Started ProviderApplication in 4.104 seconds (process running for 4.584)
2024-11-26 21:27:46 INFO  c.l.provider.ProviderApplication - Starting ProviderApplication v2.0.1-RELEASE using Java 23 with PID 75964 (C:\Users\louis\Desktop\Finalised Programming\provider\provider-2.0.1-RELEASE.jar started by louis in C:\Users\louis\Desktop\Advanced Programming\Simulator)
2024-11-26 21:27:46 INFO  c.l.provider.ProviderApplication - The following 1 profile is active: "providerC"
2024-11-26 21:27:46 INFO  o.s.d.r.c.RepositoryConfigurationDelegate - Bootstrapping Spring Data JPA repositories in DEFAULT mode.
2024-11-26 21:27:46 INFO  o.s.d.r.c.RepositoryConfigurationDelegate - Finished Spring Data repository scanning in 43 ms. Found 4 JPA repository interfaces.
2024-11-26 21:27:47 INFO  o.s.b.w.e.tomcat.TomcatWebServer - Tomcat initialized with port 8084 (http)
2024-11-26 21:27:47 INFO  o.a.coyote.http11.Http11NioProtocol - Initializing ProtocolHandler ["http-nio-8084"]
2024-11-26 21:27:47 INFO  o.a.catalina.core.StandardService - Starting service [Tomcat]
2024-11-26 21:27:47 INFO  o.a.catalina.core.StandardEngine - Starting Servlet engine: [Apache Tomcat/10.1.30]
2024-11-26 21:27:47 INFO  o.a.c.c.C.[Tomcat].[localhost].[/] - Initializing Spring embedded WebApplicationContext
2024-11-26 21:27:47 INFO  o.s.b.w.s.c.ServletWebServerApplicationContext - Root WebApplicationContext: initialization completed in 1175 ms
2024-11-26 21:27:47 INFO  o.h.jpa.internal.util.LogHelper - HHH000204: Processing PersistenceUnitInfo [name: default]
2024-11-26 21:27:47 INFO  org.hibernate.Version - HHH000412: Hibernate ORM core version 6.5.3.Final
2024-11-26 21:27:47 INFO  o.h.c.i.RegionFactoryInitiator - HHH000026: Second-level cache disabled
2024-11-26 21:27:47 INFO  o.s.o.j.p.SpringPersistenceUnitInfo - No LoadTimeWeaver setup: ignoring JPA class transformer
2024-11-26 21:27:47 INFO  com.zaxxer.hikari.HikariDataSource - HikariPool-1 - Starting...
2024-11-26 21:27:48 INFO  com.zaxxer.hikari.pool.HikariPool - HikariPool-1 - Added connection org.postgresql.jdbc.PgConnection@5c839677
2024-11-26 21:27:48 INFO  com.zaxxer.hikari.HikariDataSource - HikariPool-1 - Start completed.
2024-11-26 21:27:48 INFO  o.h.e.t.j.p.i.JtaPlatformInitiator - HHH000489: No JTA platform available (set 'hibernate.transaction.jta.platform' to enable JTA platform integration)
2024-11-26 21:27:48 INFO  o.s.o.j.LocalContainerEntityManagerFactoryBean - Initialized JPA EntityManagerFactory for persistence unit 'default'
2024-11-26 21:27:49 WARN  o.s.b.a.o.j.JpaBaseConfiguration$JpaWebConfiguration - spring.jpa.open-in-view is enabled by default. Therefore, database queries may be performed during view rendering. Explicitly configure spring.jpa.open-in-view to disable this warning
2024-11-26 21:27:49 INFO  o.a.coyote.http11.Http11NioProtocol - Starting ProtocolHandler ["http-nio-8084"]
2024-11-26 21:27:49 INFO  o.s.b.w.e.tomcat.TomcatWebServer - Tomcat started on port 8084 (http) with context path '/'
2024-11-26 21:27:49 INFO  c.l.provider.ProviderApplication - Started ProviderApplication in 4.41 seconds (process running for 4.871)
2024-11-26 21:28:02 INFO  o.a.c.c.C.[Tomcat].[localhost].[/] - Initializing Spring DispatcherServlet 'dispatcherServlet'
2024-11-26 21:28:02 INFO  o.s.web.servlet.DispatcherServlet - Initializing Servlet 'dispatcherServlet'
2024-11-26 21:28:02 INFO  o.s.web.servlet.DispatcherServlet - Completed initialization in 0 ms
2024-11-26 21:31:06 INFO  c.l.provider.ProviderApplication - Starting ProviderApplication v2.0.1-RELEASE using Java 23 with PID 71988 (C:\Users\louis\Desktop\Finalised Programming\provider\provider-2.0.1-RELEASE.jar started by louis in C:\Users\louis\Desktop\Advanced Programming\Simulator)
2024-11-26 21:31:06 INFO  c.l.provider.ProviderApplication - The following 1 profile is active: "providerC"
2024-11-26 21:31:07 INFO  o.s.d.r.c.RepositoryConfigurationDelegate - Bootstrapping Spring Data JPA repositories in DEFAULT mode.
2024-11-26 21:31:07 INFO  o.s.d.r.c.RepositoryConfigurationDelegate - Finished Spring Data repository scanning in 45 ms. Found 4 JPA repository interfaces.
2024-11-26 21:31:07 INFO  o.s.b.w.e.tomcat.TomcatWebServer - Tomcat initialized with port 8084 (http)
2024-11-26 21:31:07 INFO  o.a.coyote.http11.Http11NioProtocol - Initializing ProtocolHandler ["http-nio-8084"]
2024-11-26 21:31:07 INFO  o.a.catalina.core.StandardService - Starting service [Tomcat]
2024-11-26 21:31:07 INFO  o.a.catalina.core.StandardEngine - Starting Servlet engine: [Apache Tomcat/10.1.30]
2024-11-26 21:31:07 INFO  o.a.c.c.C.[Tomcat].[localhost].[/] - Initializing Spring embedded WebApplicationContext
2024-11-26 21:31:07 INFO  o.s.b.w.s.c.ServletWebServerApplicationContext - Root WebApplicationContext: initialization completed in 1111 ms
2024-11-26 21:31:07 INFO  o.h.jpa.internal.util.LogHelper - HHH000204: Processing PersistenceUnitInfo [name: default]
2024-11-26 21:31:08 INFO  org.hibernate.Version - HHH000412: Hibernate ORM core version 6.5.3.Final
2024-11-26 21:31:08 INFO  o.h.c.i.RegionFactoryInitiator - HHH000026: Second-level cache disabled
2024-11-26 21:31:08 INFO  o.s.o.j.p.SpringPersistenceUnitInfo - No LoadTimeWeaver setup: ignoring JPA class transformer
2024-11-26 21:31:08 INFO  com.zaxxer.hikari.HikariDataSource - HikariPool-1 - Starting...
2024-11-26 21:31:08 INFO  com.zaxxer.hikari.pool.HikariPool - HikariPool-1 - Added connection org.postgresql.jdbc.PgConnection@2b6262bc
2024-11-26 21:31:08 INFO  com.zaxxer.hikari.HikariDataSource - HikariPool-1 - Start completed.
2024-11-26 21:31:09 INFO  o.h.e.t.j.p.i.JtaPlatformInitiator - HHH000489: No JTA platform available (set 'hibernate.transaction.jta.platform' to enable JTA platform integration)
2024-11-26 21:31:09 INFO  o.s.o.j.LocalContainerEntityManagerFactoryBean - Initialized JPA EntityManagerFactory for persistence unit 'default'
2024-11-26 21:31:10 WARN  o.s.b.a.o.j.JpaBaseConfiguration$JpaWebConfiguration - spring.jpa.open-in-view is enabled by default. Therefore, database queries may be performed during view rendering. Explicitly configure spring.jpa.open-in-view to disable this warning
2024-11-26 21:31:10 INFO  o.a.coyote.http11.Http11NioProtocol - Starting ProtocolHandler ["http-nio-8084"]
2024-11-26 21:31:10 INFO  o.s.b.w.e.tomcat.TomcatWebServer - Tomcat started on port 8084 (http) with context path '/'
2024-11-26 21:31:10 INFO  c.l.provider.ProviderApplication - Started ProviderApplication in 4.291 seconds (process running for 4.771)
2024-11-26 21:31:28 INFO  c.l.provider.ProviderApplication - Starting ProviderApplication v2.0.1-RELEASE using Java 23 with PID 73408 (C:\Users\louis\Desktop\Finalised Programming\provider\provider-2.0.1-RELEASE.jar started by louis in C:\Users\louis\Desktop\Advanced Programming\Simulator)
2024-11-26 21:31:28 INFO  c.l.provider.ProviderApplication - The following 1 profile is active: "providerC"
2024-11-26 21:31:29 INFO  o.s.d.r.c.RepositoryConfigurationDelegate - Bootstrapping Spring Data JPA repositories in DEFAULT mode.
2024-11-26 21:31:29 INFO  o.s.d.r.c.RepositoryConfigurationDelegate - Finished Spring Data repository scanning in 41 ms. Found 4 JPA repository interfaces.
2024-11-26 21:31:29 INFO  o.s.b.w.e.tomcat.TomcatWebServer - Tomcat initialized with port 8084 (http)
2024-11-26 21:31:29 INFO  o.a.coyote.http11.Http11NioProtocol - Initializing ProtocolHandler ["http-nio-8084"]
2024-11-26 21:31:29 INFO  o.a.catalina.core.StandardService - Starting service [Tomcat]
2024-11-26 21:31:29 INFO  o.a.catalina.core.StandardEngine - Starting Servlet engine: [Apache Tomcat/10.1.30]
2024-11-26 21:31:29 INFO  o.a.c.c.C.[Tomcat].[localhost].[/] - Initializing Spring embedded WebApplicationContext
2024-11-26 21:31:29 INFO  o.s.b.w.s.c.ServletWebServerApplicationContext - Root WebApplicationContext: initialization completed in 1151 ms
2024-11-26 21:31:29 INFO  o.h.jpa.internal.util.LogHelper - HHH000204: Processing PersistenceUnitInfo [name: default]
2024-11-26 21:31:30 INFO  org.hibernate.Version - HHH000412: Hibernate ORM core version 6.5.3.Final
2024-11-26 21:31:30 INFO  o.h.c.i.RegionFactoryInitiator - HHH000026: Second-level cache disabled
2024-11-26 21:31:30 INFO  o.s.o.j.p.SpringPersistenceUnitInfo - No LoadTimeWeaver setup: ignoring JPA class transformer
2024-11-26 21:31:30 INFO  com.zaxxer.hikari.HikariDataSource - HikariPool-1 - Starting...
2024-11-26 21:31:30 INFO  com.zaxxer.hikari.pool.HikariPool - HikariPool-1 - Added connection org.postgresql.jdbc.PgConnection@2b6262bc
2024-11-26 21:31:30 INFO  com.zaxxer.hikari.HikariDataSource - HikariPool-1 - Start completed.
2024-11-26 21:31:31 INFO  o.h.e.t.j.p.i.JtaPlatformInitiator - HHH000489: No JTA platform available (set 'hibernate.transaction.jta.platform' to enable JTA platform integration)
2024-11-26 21:31:55 INFO  c.l.provider.ProviderApplication - Starting ProviderApplication v2.0.1-RELEASE using Java 23 with PID 68936 (C:\Users\louis\Desktop\Finalised Programming\provider\provider-2.0.1-RELEASE.jar started by louis in C:\Users\louis\Desktop\Advanced Programming\Simulator)
2024-11-26 21:31:55 INFO  c.l.provider.ProviderApplication - The following 1 profile is active: "providerC"
2024-11-26 21:31:56 INFO  o.s.d.r.c.RepositoryConfigurationDelegate - Bootstrapping Spring Data JPA repositories in DEFAULT mode.
2024-11-26 21:31:56 INFO  o.s.d.r.c.RepositoryConfigurationDelegate - Finished Spring Data repository scanning in 58 ms. Found 4 JPA repository interfaces.
2024-11-26 21:31:56 INFO  o.s.b.w.e.tomcat.TomcatWebServer - Tomcat initialized with port 8084 (http)
2024-11-26 21:31:56 INFO  o.a.coyote.http11.Http11NioProtocol - Initializing ProtocolHandler ["http-nio-8084"]
2024-11-26 21:31:56 INFO  o.a.catalina.core.StandardService - Starting service [Tomcat]
2024-11-26 21:31:56 INFO  o.a.catalina.core.StandardEngine - Starting Servlet engine: [Apache Tomcat/10.1.30]
2024-11-26 21:31:56 INFO  o.a.c.c.C.[Tomcat].[localhost].[/] - Initializing Spring embedded WebApplicationContext
2024-11-26 21:31:56 INFO  o.s.b.w.s.c.ServletWebServerApplicationContext - Root WebApplicationContext: initialization completed in 1167 ms
2024-11-26 21:31:56 INFO  o.h.jpa.internal.util.LogHelper - HHH000204: Processing PersistenceUnitInfo [name: default]
2024-11-26 21:31:56 INFO  org.hibernate.Version - HHH000412: Hibernate ORM core version 6.5.3.Final
2024-11-26 21:31:56 INFO  o.h.c.i.RegionFactoryInitiator - HHH000026: Second-level cache disabled
2024-11-26 21:31:57 INFO  o.s.o.j.p.SpringPersistenceUnitInfo - No LoadTimeWeaver setup: ignoring JPA class transformer
2024-11-26 21:31:57 INFO  com.zaxxer.hikari.HikariDataSource - HikariPool-1 - Starting...
2024-11-26 21:31:57 INFO  com.zaxxer.hikari.pool.HikariPool - HikariPool-1 - Added connection org.postgresql.jdbc.PgConnection@3193e21d
2024-11-26 21:31:57 INFO  com.zaxxer.hikari.HikariDataSource - HikariPool-1 - Start completed.
2024-11-26 21:31:58 INFO  o.h.e.t.j.p.i.JtaPlatformInitiator - HHH000489: No JTA platform available (set 'hibernate.transaction.jta.platform' to enable JTA platform integration)
2024-11-26 21:31:58 INFO  o.s.o.j.LocalContainerEntityManagerFactoryBean - Initialized JPA EntityManagerFactory for persistence unit 'default'
2024-11-26 21:31:59 WARN  o.s.b.a.o.j.JpaBaseConfiguration$JpaWebConfiguration - spring.jpa.open-in-view is enabled by default. Therefore, database queries may be performed during view rendering. Explicitly configure spring.jpa.open-in-view to disable this warning
2024-11-26 21:31:59 INFO  o.a.coyote.http11.Http11NioProtocol - Starting ProtocolHandler ["http-nio-8084"]
2024-11-26 21:31:59 INFO  o.s.b.w.e.tomcat.TomcatWebServer - Tomcat started on port 8084 (http) with context path '/'
2024-11-26 21:31:59 INFO  c.l.provider.ProviderApplication - Started ProviderApplication in 4.42 seconds (process running for 4.862)
2024-11-26 21:34:35 INFO  c.l.provider.ProviderApplication - Starting ProviderApplication v2.0.1-RELEASE using Java 23 with PID 75924 (C:\Users\louis\Desktop\Finalised Programming\provider\provider-2.0.1-RELEASE.jar started by louis in C:\Users\louis\Desktop\Advanced Programming\Simulator)
2024-11-26 21:34:35 INFO  c.l.provider.ProviderApplication - The following 1 profile is active: "providerC"
2024-11-26 21:34:36 INFO  o.s.d.r.c.RepositoryConfigurationDelegate - Bootstrapping Spring Data JPA repositories in DEFAULT mode.
2024-11-26 21:34:36 INFO  o.s.d.r.c.RepositoryConfigurationDelegate - Finished Spring Data repository scanning in 45 ms. Found 4 JPA repository interfaces.
2024-11-26 21:34:36 INFO  o.s.b.w.e.tomcat.TomcatWebServer - Tomcat initialized with port 8084 (http)
2024-11-26 21:34:36 INFO  o.a.coyote.http11.Http11NioProtocol - Initializing ProtocolHandler ["http-nio-8084"]
2024-11-26 21:34:36 INFO  o.a.catalina.core.StandardService - Starting service [Tomcat]
2024-11-26 21:34:36 INFO  o.a.catalina.core.StandardEngine - Starting Servlet engine: [Apache Tomcat/10.1.30]
2024-11-26 21:34:36 INFO  o.a.c.c.C.[Tomcat].[localhost].[/] - Initializing Spring embedded WebApplicationContext
2024-11-26 21:34:36 INFO  o.s.b.w.s.c.ServletWebServerApplicationContext - Root WebApplicationContext: initialization completed in 1149 ms
2024-11-26 21:34:37 INFO  o.h.jpa.internal.util.LogHelper - HHH000204: Processing PersistenceUnitInfo [name: default]
2024-11-26 21:34:37 INFO  org.hibernate.Version - HHH000412: Hibernate ORM core version 6.5.3.Final
2024-11-26 21:34:37 INFO  o.h.c.i.RegionFactoryInitiator - HHH000026: Second-level cache disabled
2024-11-26 21:34:37 INFO  o.s.o.j.p.SpringPersistenceUnitInfo - No LoadTimeWeaver setup: ignoring JPA class transformer
2024-11-26 21:34:37 INFO  com.zaxxer.hikari.HikariDataSource - HikariPool-1 - Starting...
2024-11-26 21:34:37 INFO  com.zaxxer.hikari.pool.HikariPool - HikariPool-1 - Added connection org.postgresql.jdbc.PgConnection@5c839677
2024-11-26 21:34:37 INFO  com.zaxxer.hikari.HikariDataSource - HikariPool-1 - Start completed.
2024-11-26 21:34:38 INFO  o.h.e.t.j.p.i.JtaPlatformInitiator - HHH000489: No JTA platform available (set 'hibernate.transaction.jta.platform' to enable JTA platform integration)
2024-11-26 21:34:38 INFO  o.s.o.j.LocalContainerEntityManagerFactoryBean - Initialized JPA EntityManagerFactory for persistence unit 'default'
2024-11-26 21:34:39 WARN  o.s.b.a.o.j.JpaBaseConfiguration$JpaWebConfiguration - spring.jpa.open-in-view is enabled by default. Therefore, database queries may be performed during view rendering. Explicitly configure spring.jpa.open-in-view to disable this warning
2024-11-26 21:34:39 INFO  o.a.coyote.http11.Http11NioProtocol - Starting ProtocolHandler ["http-nio-8084"]
2024-11-26 21:34:39 INFO  o.s.b.w.e.tomcat.TomcatWebServer - Tomcat started on port 8084 (http) with context path '/'
2024-11-26 21:34:39 INFO  c.l.provider.ProviderApplication - Started ProviderApplication in 4.101 seconds (process running for 4.527)
2024-11-26 21:34:39 INFO  o.a.c.c.C.[Tomcat].[localhost].[/] - Initializing Spring DispatcherServlet 'dispatcherServlet'
2024-11-26 21:34:39 INFO  o.s.web.servlet.DispatcherServlet - Initializing Servlet 'dispatcherServlet'
2024-11-26 21:34:39 INFO  o.s.web.servlet.DispatcherServlet - Completed initialization in 0 ms
